#
# A fatal error has been detected by the Java Runtime Environment:
#
#  EXCEPTION_ACCESS_VIOLATION (0xc0000005) at pc=0x00007ffcb07c03cb, pid=15996, tid=16732
#
# JRE version: Java(TM) SE Runtime Environment (12.0.1+12) (build 12.0.1+12)
# Java VM: Java HotSpot(TM) 64-Bit Server VM (12.0.1+12, mixed mode, sharing, tiered, compressed oops, g1 gc, windows-amd64)
# Problematic frame:
# V  [jvm.dll+0x6c03cb]
#
# No core dump will be written. Minidumps are not enabled by default on client versions of Windows
#
# If you would like to submit a bug report, please visit:
#   http://bugreport.java.com/bugreport/crash.jsp
#

---------------  S U M M A R Y ------------

Command Line: -agentlib:jdwp=transport=dt_socket,suspend=y,address=localhost:49430 -ea -javaagent:C:\tools\eclipse\configuration\org.eclipse.osgi\409\0\.cp\lib\javaagent-shaded.jar -Dfile.encoding=Cp1252 org.eclipse.jdt.internal.junit.runner.RemoteTestRunner -version 3 -port 49429 -testLoaderClass org.eclipse.jdt.internal.junit4.runner.JUnit4TestLoader -loaderpluginname org.eclipse.jdt.junit4.runtime -classNames io.ws.test.ZipRangeTest

Host: AMD Ryzen 5 PRO 2500U w/ Radeon Vega Mobile Gfx, 8 cores, 14G,  Windows 10 , 64 bit Build 16299 (10.0.16299.1146)
Time: Thu Sep 19 18:02:35 2019 Pacific Daylight Time elapsed time: 657 seconds (0d 0h 10m 57s)

---------------  T H R E A D  ---------------

Current thread (0x000002a30c327000):  VMThread "VM Thread" [stack: 0x000000e591700000,0x000000e591800000] [id=16732]

Stack: [0x000000e591700000,0x000000e591800000],  sp=0x000000e5917fe8b0,  free space=1018k
Native frames: (J=compiled Java code, j=interpreted, Vv=VM code, C=native code)
V  [jvm.dll+0x6c03cb]
V  [jvm.dll+0x34d3d3]
V  [jvm.dll+0x34f2e9]
V  [jvm.dll+0x34fb6e]
V  [jvm.dll+0x34d07c]
V  [jvm.dll+0x34c2b2]
V  [jvm.dll+0x628425]
V  [jvm.dll+0x6281ad]
V  [jvm.dll+0x5ef77a]
V  [jvm.dll+0x504387]
V  [jvm.dll+0x78dccc]
V  [jvm.dll+0x791b27]
V  [jvm.dll+0x792366]
V  [jvm.dll+0x792697]
V  [jvm.dll+0x748648]
V  [jvm.dll+0x638566]
C  [ucrtbase.dll+0x1fa95]
C  [KERNEL32.DLL+0x137e4]
C  [ntdll.dll+0x6cb81]


siginfo: EXCEPTION_ACCESS_VIOLATION (0xc0000005), reading address 0x0000000000000006


Register to memory mapping:

RIP=0x00007ffcb07c03cb jvm.dll
RAX=0x000000e5917fe940 points into unknown readable memory: 01 00 00 00 00 00 00 00
RBX=0x000000e5917fe910 points into unknown readable memory: 70 e1 99 b0 fc 7f 00 00
RCX=0x0 is NULL
RDX=0x0 is NULL
RSP=0x000000e5917fe8b0 points into unknown readable memory: 10 e9 7f 91 e5 00 00 00
RBP=0x000000e5917fee20 points into unknown readable memory: 78 04 31 0c a3 02 00 00
RSI=0x0 is NULL
RDI=0x0 is NULL
R8 =0x0 is NULL
R9 =0x000002a30beb2b78 is pointing into metadata
R10=0x00007ffcb0100000 jvm.dll
R11=0x000002a30c310180 points into unknown readable memory: 00 00 00 47 00 00 00 46
R12=0x000002a30c310150 points into unknown readable memory: 00 90 9d b0 00 00 00 00
R13=0x0 is NULL
R14=0x000002a30beb31e8 is pointing into metadata
R15=0x000000000000003c is an unknown value


Registers:
RAX=0x000000e5917fe940, RBX=0x000000e5917fe910, RCX=0x0000000000000000, RDX=0x0000000000000000
RSP=0x000000e5917fe8b0, RBP=0x000000e5917fee20, RSI=0x0000000000000000, RDI=0x0000000000000000
R8 =0x0000000000000000, R9 =0x000002a30beb2b78, R10=0x00007ffcb0100000, R11=0x000002a30c310180
R12=0x000002a30c310150, R13=0x0000000000000000, R14=0x000002a30beb31e8, R15=0x000000000000003c
RIP=0x00007ffcb07c03cb, EFLAGS=0x0000000000010246

Top of Stack: (sp=0x000000e5917fe8b0)
0x000000e5917fe8b0:   000000e5917fe910 0000000000000000
0x000000e5917fe8c0:   0000000000000000 00007ffcb07c094b
0x000000e5917fe8d0:   0000000000000000 00007ffcb044d3d3
0x000000e5917fe8e0:   0000000000000000 000000e5917fef90
0x000000e5917fe8f0:   0000000000000050 000002a30bea7a06
0x000000e5917fe900:   00007ffcb0100000 ffffffffffffffff
0x000000e5917fe910:   00007ffcb099e170 0000000000000000
0x000000e5917fe920:   0000000000000000 00007ffcb044d526
0x000000e5917fe930:   000000e5917fe940 000000e500000000
0x000000e5917fe940:   0000000000000001 000000e5917fef58
0x000000e5917fe950:   0000000000000000 00007ffd0574d236
0x000000e5917fe960:   000000e5917feaf0 000000e5917feb18
0x000000e5917fe970:   00000000ffffffff 000000000000000e
0x000000e5917fe980:   000000e5917feaf0 00007ffd0574d12d
0x000000e5917fe990:   0000000000000000 00007ffcb07c094b
0x000000e5917fe9a0:   000019096acc3dda 4fffffff4fffffff 

Instructions: (pc=0x00007ffcb07c03cb)
0x00007ffcb07c03ab:   cc cc cc cc cc 40 53 48 83 ec 20 c7 41 10 00 00
0x00007ffcb07c03bb:   00 00 48 8b d9 48 89 7c 24 38 48 8b 79 08 33 c9
0x00007ffcb07c03cb:   80 7f 06 28 74 26 44 8d 49 28 8d 51 35 48 8d 0d
0x00007ffcb07c03db:   01 bf 22 00 4c 8d 05 ea be 22 00 e8 65 1a ba ff 


Stack slot to memory mapping:
stack at sp + 0 slots: 0x000000e5917fe910 points into unknown readable memory: 70 e1 99 b0 fc 7f 00 00
stack at sp + 1 slots: 0x0 is NULL
stack at sp + 2 slots: 0x0 is NULL
stack at sp + 3 slots: 0x00007ffcb07c094b jvm.dll
stack at sp + 4 slots: 0x0 is NULL
stack at sp + 5 slots: 0x00007ffcb044d3d3 jvm.dll
stack at sp + 6 slots: 0x0 is NULL
stack at sp + 7 slots: 0x000000e5917fef90 points into unknown readable memory: 58 b4 9d b0 fc 7f 00 00

VM_Operation (0x000000e5920ff270): GetOrSetLocal, mode: safepoint, requested by thread 0x000002a30c4e3800


---------------  P R O C E S S  ---------------

Threads class SMR info:
_java_thread_list=0x000002a30c624990, length=14, elements={
0x000002a3689eb000, 0x000002a30c32c800, 0x000002a30c32f800, 0x000002a30c342000,
0x000002a30c344800, 0x000002a30c345000, 0x000002a30c354000, 0x000002a30c359800,
0x000002a30c311000, 0x000002a30c4e3800, 0x000002a30c4e6800, 0x000002a30c4eb000,
0x000002a30c63a000, 0x000002a30cf4b800
}

Java Threads: ( => current thread )
  0x000002a3689eb000 JavaThread "main" [_thread_blocked, id=30476, stack(0x000000e591100000,0x000000e591200000)]
  0x000002a30c32c800 JavaThread "Reference Handler" daemon [_thread_blocked, id=15200, stack(0x000000e591800000,0x000000e591900000)]
  0x000002a30c32f800 JavaThread "Finalizer" daemon [_thread_blocked, id=30984, stack(0x000000e591900000,0x000000e591a00000)]
  0x000002a30c342000 JavaThread "Signal Dispatcher" daemon [_thread_blocked, id=19192, stack(0x000000e591a00000,0x000000e591b00000)]
  0x000002a30c344800 JavaThread "Attach Listener" daemon [_thread_blocked, id=31032, stack(0x000000e591b00000,0x000000e591c00000)]
  0x000002a30c345000 JavaThread "C2 CompilerThread0" daemon [_thread_blocked, id=22296, stack(0x000000e591c00000,0x000000e591d00000)]
  0x000002a30c354000 JavaThread "C1 CompilerThread0" daemon [_thread_blocked, id=8860, stack(0x000000e591d00000,0x000000e591e00000)]
  0x000002a30c359800 JavaThread "Sweeper thread" daemon [_thread_blocked, id=14340, stack(0x000000e591e00000,0x000000e591f00000)]
  0x000002a30c311000 JavaThread "Common-Cleaner" daemon [_thread_blocked, id=27056, stack(0x000000e591f00000,0x000000e592000000)]
  0x000002a30c4e3800 JavaThread "JDWP Transport Listener: dt_socket" daemon [_thread_blocked, id=25488, stack(0x000000e592000000,0x000000e592100000)] _threads_hazard_ptr=0x000002a30c624990
  0x000002a30c4e6800 JavaThread "JDWP Event Helper Thread" daemon [_thread_blocked, id=24180, stack(0x000000e592100000,0x000000e592200000)]
  0x000002a30c4eb000 JavaThread "JDWP Command Reader" daemon [_thread_in_native, id=28436, stack(0x000000e592200000,0x000000e592300000)]
  0x000002a30c63a000 JavaThread "Service Thread" daemon [_thread_blocked, id=22152, stack(0x000000e592400000,0x000000e592500000)]
  0x000002a30cf4b800 JavaThread "ReaderThread" [_thread_in_native, id=11136, stack(0x000000e592600000,0x000000e592700000)]

Other Threads:
=>0x000002a30c327000 VMThread "VM Thread" [stack: 0x000000e591700000,0x000000e591800000] [id=16732]
  0x000002a30c688000 WatcherThread [stack: 0x000000e592500000,0x000000e592600000] [id=22012]
  0x000002a368a4d800 GCTaskThread "GC Thread#0" [stack: 0x000000e591200000,0x000000e591300000] [id=17196]
  0x000002a368a5e000 ConcurrentGCThread "G1 Main Marker" [stack: 0x000000e591300000,0x000000e591400000] [id=23996]
  0x000002a309019800 ConcurrentGCThread "G1 Conc#0" [stack: 0x000000e591400000,0x000000e591500000] [id=21952]
  0x000002a30911e800 ConcurrentGCThread "G1 Refine#0" [stack: 0x000000e591500000,0x000000e591600000] [id=30968]
  0x000002a30911f800 ConcurrentGCThread "G1 Young RemSet Sampling" [stack: 0x000000e591600000,0x000000e591700000] [id=18496]

Threads with active compile tasks:

VM state:at safepoint (normal execution)

VM Mutex/Monitor currently owned by a thread:  ([mutex/lock_event])
[0x000002a3689e83f0] Threads_lock - owner thread: 0x000002a30c327000

Heap address: 0x0000000711000000, size: 3824 MB, Compressed Oops mode: Zero based, Oop shift amount: 3
Narrow klass base: 0x0000000800000000, Narrow klass shift: 3
Compressed class space size: 1073741824 Address: 0x00000008011a0000

Heap:
 garbage-first heap   total 245760K, used 7168K [0x0000000711000000, 0x0000000800000000)
  region size 1024K, 8 young (8192K), 0 survivors (0K)
 Metaspace       used 3973K, capacity 5239K, committed 5504K, reserved 1056768K
  class space    used 417K, capacity 532K, committed 640K, reserved 1048576K
Heap Regions: E=young(eden), S=young(survivor), O=old, HS=humongous(starts), HC=humongous(continues), CS=collection set, F=free, A=archive, TAMS=top-at-mark-start (previous, next)
|   0|0x0000000711000000, 0x0000000711000000, 0x0000000711100000|  0%| F|  |TAMS 0x0000000711000000, 0x0000000711000000| Untracked 
|   1|0x0000000711100000, 0x0000000711100000, 0x0000000711200000|  0%| F|  |TAMS 0x0000000711100000, 0x0000000711100000| Untracked 
|   2|0x0000000711200000, 0x0000000711200000, 0x0000000711300000|  0%| F|  |TAMS 0x0000000711200000, 0x0000000711200000| Untracked 
|   3|0x0000000711300000, 0x0000000711300000, 0x0000000711400000|  0%| F|  |TAMS 0x0000000711300000, 0x0000000711300000| Untracked 
|   4|0x0000000711400000, 0x0000000711400000, 0x0000000711500000|  0%| F|  |TAMS 0x0000000711400000, 0x0000000711400000| Untracked 
|   5|0x0000000711500000, 0x0000000711500000, 0x0000000711600000|  0%| F|  |TAMS 0x0000000711500000, 0x0000000711500000| Untracked 
|   6|0x0000000711600000, 0x0000000711600000, 0x0000000711700000|  0%| F|  |TAMS 0x0000000711600000, 0x0000000711600000| Untracked 
|   7|0x0000000711700000, 0x0000000711700000, 0x0000000711800000|  0%| F|  |TAMS 0x0000000711700000, 0x0000000711700000| Untracked 
|   8|0x0000000711800000, 0x0000000711800000, 0x0000000711900000|  0%| F|  |TAMS 0x0000000711800000, 0x0000000711800000| Untracked 
|   9|0x0000000711900000, 0x0000000711900000, 0x0000000711a00000|  0%| F|  |TAMS 0x0000000711900000, 0x0000000711900000| Untracked 
|  10|0x0000000711a00000, 0x0000000711a00000, 0x0000000711b00000|  0%| F|  |TAMS 0x0000000711a00000, 0x0000000711a00000| Untracked 
|  11|0x0000000711b00000, 0x0000000711b00000, 0x0000000711c00000|  0%| F|  |TAMS 0x0000000711b00000, 0x0000000711b00000| Untracked 
|  12|0x0000000711c00000, 0x0000000711c00000, 0x0000000711d00000|  0%| F|  |TAMS 0x0000000711c00000, 0x0000000711c00000| Untracked 
|  13|0x0000000711d00000, 0x0000000711d00000, 0x0000000711e00000|  0%| F|  |TAMS 0x0000000711d00000, 0x0000000711d00000| Untracked 
|  14|0x0000000711e00000, 0x0000000711e00000, 0x0000000711f00000|  0%| F|  |TAMS 0x0000000711e00000, 0x0000000711e00000| Untracked 
|  15|0x0000000711f00000, 0x0000000711f00000, 0x0000000712000000|  0%| F|  |TAMS 0x0000000711f00000, 0x0000000711f00000| Untracked 
|  16|0x0000000712000000, 0x0000000712000000, 0x0000000712100000|  0%| F|  |TAMS 0x0000000712000000, 0x0000000712000000| Untracked 
|  17|0x0000000712100000, 0x0000000712100000, 0x0000000712200000|  0%| F|  |TAMS 0x0000000712100000, 0x0000000712100000| Untracked 
|  18|0x0000000712200000, 0x0000000712200000, 0x0000000712300000|  0%| F|  |TAMS 0x0000000712200000, 0x0000000712200000| Untracked 
|  19|0x0000000712300000, 0x0000000712300000, 0x0000000712400000|  0%| F|  |TAMS 0x0000000712300000, 0x0000000712300000| Untracked 
|  20|0x0000000712400000, 0x0000000712400000, 0x0000000712500000|  0%| F|  |TAMS 0x0000000712400000, 0x0000000712400000| Untracked 
|  21|0x0000000712500000, 0x0000000712500000, 0x0000000712600000|  0%| F|  |TAMS 0x0000000712500000, 0x0000000712500000| Untracked 
|  22|0x0000000712600000, 0x0000000712600000, 0x0000000712700000|  0%| F|  |TAMS 0x0000000712600000, 0x0000000712600000| Untracked 
|  23|0x0000000712700000, 0x0000000712700000, 0x0000000712800000|  0%| F|  |TAMS 0x0000000712700000, 0x0000000712700000| Untracked 
|  24|0x0000000712800000, 0x0000000712800000, 0x0000000712900000|  0%| F|  |TAMS 0x0000000712800000, 0x0000000712800000| Untracked 
|  25|0x0000000712900000, 0x0000000712900000, 0x0000000712a00000|  0%| F|  |TAMS 0x0000000712900000, 0x0000000712900000| Untracked 
|  26|0x0000000712a00000, 0x0000000712a00000, 0x0000000712b00000|  0%| F|  |TAMS 0x0000000712a00000, 0x0000000712a00000| Untracked 
|  27|0x0000000712b00000, 0x0000000712b00000, 0x0000000712c00000|  0%| F|  |TAMS 0x0000000712b00000, 0x0000000712b00000| Untracked 
|  28|0x0000000712c00000, 0x0000000712c00000, 0x0000000712d00000|  0%| F|  |TAMS 0x0000000712c00000, 0x0000000712c00000| Untracked 
|  29|0x0000000712d00000, 0x0000000712d00000, 0x0000000712e00000|  0%| F|  |TAMS 0x0000000712d00000, 0x0000000712d00000| Untracked 
|  30|0x0000000712e00000, 0x0000000712e00000, 0x0000000712f00000|  0%| F|  |TAMS 0x0000000712e00000, 0x0000000712e00000| Untracked 
|  31|0x0000000712f00000, 0x0000000712f00000, 0x0000000713000000|  0%| F|  |TAMS 0x0000000712f00000, 0x0000000712f00000| Untracked 
|  32|0x0000000713000000, 0x0000000713000000, 0x0000000713100000|  0%| F|  |TAMS 0x0000000713000000, 0x0000000713000000| Untracked 
|  33|0x0000000713100000, 0x0000000713100000, 0x0000000713200000|  0%| F|  |TAMS 0x0000000713100000, 0x0000000713100000| Untracked 
|  34|0x0000000713200000, 0x0000000713200000, 0x0000000713300000|  0%| F|  |TAMS 0x0000000713200000, 0x0000000713200000| Untracked 
|  35|0x0000000713300000, 0x0000000713300000, 0x0000000713400000|  0%| F|  |TAMS 0x0000000713300000, 0x0000000713300000| Untracked 
|  36|0x0000000713400000, 0x0000000713400000, 0x0000000713500000|  0%| F|  |TAMS 0x0000000713400000, 0x0000000713400000| Untracked 
|  37|0x0000000713500000, 0x0000000713500000, 0x0000000713600000|  0%| F|  |TAMS 0x0000000713500000, 0x0000000713500000| Untracked 
|  38|0x0000000713600000, 0x0000000713600000, 0x0000000713700000|  0%| F|  |TAMS 0x0000000713600000, 0x0000000713600000| Untracked 
|  39|0x0000000713700000, 0x0000000713700000, 0x0000000713800000|  0%| F|  |TAMS 0x0000000713700000, 0x0000000713700000| Untracked 
|  40|0x0000000713800000, 0x0000000713800000, 0x0000000713900000|  0%| F|  |TAMS 0x0000000713800000, 0x0000000713800000| Untracked 
|  41|0x0000000713900000, 0x0000000713900000, 0x0000000713a00000|  0%| F|  |TAMS 0x0000000713900000, 0x0000000713900000| Untracked 
|  42|0x0000000713a00000, 0x0000000713a00000, 0x0000000713b00000|  0%| F|  |TAMS 0x0000000713a00000, 0x0000000713a00000| Untracked 
|  43|0x0000000713b00000, 0x0000000713b00000, 0x0000000713c00000|  0%| F|  |TAMS 0x0000000713b00000, 0x0000000713b00000| Untracked 
|  44|0x0000000713c00000, 0x0000000713c00000, 0x0000000713d00000|  0%| F|  |TAMS 0x0000000713c00000, 0x0000000713c00000| Untracked 
|  45|0x0000000713d00000, 0x0000000713d00000, 0x0000000713e00000|  0%| F|  |TAMS 0x0000000713d00000, 0x0000000713d00000| Untracked 
|  46|0x0000000713e00000, 0x0000000713e00000, 0x0000000713f00000|  0%| F|  |TAMS 0x0000000713e00000, 0x0000000713e00000| Untracked 
|  47|0x0000000713f00000, 0x0000000713f00000, 0x0000000714000000|  0%| F|  |TAMS 0x0000000713f00000, 0x0000000713f00000| Untracked 
|  48|0x0000000714000000, 0x0000000714000000, 0x0000000714100000|  0%| F|  |TAMS 0x0000000714000000, 0x0000000714000000| Untracked 
|  49|0x0000000714100000, 0x0000000714100000, 0x0000000714200000|  0%| F|  |TAMS 0x0000000714100000, 0x0000000714100000| Untracked 
|  50|0x0000000714200000, 0x0000000714200000, 0x0000000714300000|  0%| F|  |TAMS 0x0000000714200000, 0x0000000714200000| Untracked 
|  51|0x0000000714300000, 0x0000000714300000, 0x0000000714400000|  0%| F|  |TAMS 0x0000000714300000, 0x0000000714300000| Untracked 
|  52|0x0000000714400000, 0x0000000714400000, 0x0000000714500000|  0%| F|  |TAMS 0x0000000714400000, 0x0000000714400000| Untracked 
|  53|0x0000000714500000, 0x0000000714500000, 0x0000000714600000|  0%| F|  |TAMS 0x0000000714500000, 0x0000000714500000| Untracked 
|  54|0x0000000714600000, 0x0000000714600000, 0x0000000714700000|  0%| F|  |TAMS 0x0000000714600000, 0x0000000714600000| Untracked 
|  55|0x0000000714700000, 0x0000000714700000, 0x0000000714800000|  0%| F|  |TAMS 0x0000000714700000, 0x0000000714700000| Untracked 
|  56|0x0000000714800000, 0x0000000714800000, 0x0000000714900000|  0%| F|  |TAMS 0x0000000714800000, 0x0000000714800000| Untracked 
|  57|0x0000000714900000, 0x0000000714900000, 0x0000000714a00000|  0%| F|  |TAMS 0x0000000714900000, 0x0000000714900000| Untracked 
|  58|0x0000000714a00000, 0x0000000714a00000, 0x0000000714b00000|  0%| F|  |TAMS 0x0000000714a00000, 0x0000000714a00000| Untracked 
|  59|0x0000000714b00000, 0x0000000714b00000, 0x0000000714c00000|  0%| F|  |TAMS 0x0000000714b00000, 0x0000000714b00000| Untracked 
|  60|0x0000000714c00000, 0x0000000714c00000, 0x0000000714d00000|  0%| F|  |TAMS 0x0000000714c00000, 0x0000000714c00000| Untracked 
|  61|0x0000000714d00000, 0x0000000714d00000, 0x0000000714e00000|  0%| F|  |TAMS 0x0000000714d00000, 0x0000000714d00000| Untracked 
|  62|0x0000000714e00000, 0x0000000714e00000, 0x0000000714f00000|  0%| F|  |TAMS 0x0000000714e00000, 0x0000000714e00000| Untracked 
|  63|0x0000000714f00000, 0x0000000714f00000, 0x0000000715000000|  0%| F|  |TAMS 0x0000000714f00000, 0x0000000714f00000| Untracked 
|  64|0x0000000715000000, 0x0000000715000000, 0x0000000715100000|  0%| F|  |TAMS 0x0000000715000000, 0x0000000715000000| Untracked 
|  65|0x0000000715100000, 0x0000000715100000, 0x0000000715200000|  0%| F|  |TAMS 0x0000000715100000, 0x0000000715100000| Untracked 
|  66|0x0000000715200000, 0x0000000715200000, 0x0000000715300000|  0%| F|  |TAMS 0x0000000715200000, 0x0000000715200000| Untracked 
|  67|0x0000000715300000, 0x0000000715300000, 0x0000000715400000|  0%| F|  |TAMS 0x0000000715300000, 0x0000000715300000| Untracked 
|  68|0x0000000715400000, 0x0000000715400000, 0x0000000715500000|  0%| F|  |TAMS 0x0000000715400000, 0x0000000715400000| Untracked 
|  69|0x0000000715500000, 0x0000000715500000, 0x0000000715600000|  0%| F|  |TAMS 0x0000000715500000, 0x0000000715500000| Untracked 
|  70|0x0000000715600000, 0x0000000715600000, 0x0000000715700000|  0%| F|  |TAMS 0x0000000715600000, 0x0000000715600000| Untracked 
|  71|0x0000000715700000, 0x0000000715700000, 0x0000000715800000|  0%| F|  |TAMS 0x0000000715700000, 0x0000000715700000| Untracked 
|  72|0x0000000715800000, 0x0000000715800000, 0x0000000715900000|  0%| F|  |TAMS 0x0000000715800000, 0x0000000715800000| Untracked 
|  73|0x0000000715900000, 0x0000000715900000, 0x0000000715a00000|  0%| F|  |TAMS 0x0000000715900000, 0x0000000715900000| Untracked 
|  74|0x0000000715a00000, 0x0000000715a00000, 0x0000000715b00000|  0%| F|  |TAMS 0x0000000715a00000, 0x0000000715a00000| Untracked 
|  75|0x0000000715b00000, 0x0000000715b00000, 0x0000000715c00000|  0%| F|  |TAMS 0x0000000715b00000, 0x0000000715b00000| Untracked 
|  76|0x0000000715c00000, 0x0000000715c00000, 0x0000000715d00000|  0%| F|  |TAMS 0x0000000715c00000, 0x0000000715c00000| Untracked 
|  77|0x0000000715d00000, 0x0000000715d00000, 0x0000000715e00000|  0%| F|  |TAMS 0x0000000715d00000, 0x0000000715d00000| Untracked 
|  78|0x0000000715e00000, 0x0000000715e00000, 0x0000000715f00000|  0%| F|  |TAMS 0x0000000715e00000, 0x0000000715e00000| Untracked 
|  79|0x0000000715f00000, 0x0000000715f00000, 0x0000000716000000|  0%| F|  |TAMS 0x0000000715f00000, 0x0000000715f00000| Untracked 
|  80|0x0000000716000000, 0x0000000716000000, 0x0000000716100000|  0%| F|  |TAMS 0x0000000716000000, 0x0000000716000000| Untracked 
|  81|0x0000000716100000, 0x0000000716100000, 0x0000000716200000|  0%| F|  |TAMS 0x0000000716100000, 0x0000000716100000| Untracked 
|  82|0x0000000716200000, 0x0000000716200000, 0x0000000716300000|  0%| F|  |TAMS 0x0000000716200000, 0x0000000716200000| Untracked 
|  83|0x0000000716300000, 0x0000000716300000, 0x0000000716400000|  0%| F|  |TAMS 0x0000000716300000, 0x0000000716300000| Untracked 
|  84|0x0000000716400000, 0x0000000716400000, 0x0000000716500000|  0%| F|  |TAMS 0x0000000716400000, 0x0000000716400000| Untracked 
|  85|0x0000000716500000, 0x0000000716500000, 0x0000000716600000|  0%| F|  |TAMS 0x0000000716500000, 0x0000000716500000| Untracked 
|  86|0x0000000716600000, 0x0000000716600000, 0x0000000716700000|  0%| F|  |TAMS 0x0000000716600000, 0x0000000716600000| Untracked 
|  87|0x0000000716700000, 0x0000000716700000, 0x0000000716800000|  0%| F|  |TAMS 0x0000000716700000, 0x0000000716700000| Untracked 
|  88|0x0000000716800000, 0x0000000716800000, 0x0000000716900000|  0%| F|  |TAMS 0x0000000716800000, 0x0000000716800000| Untracked 
|  89|0x0000000716900000, 0x0000000716900000, 0x0000000716a00000|  0%| F|  |TAMS 0x0000000716900000, 0x0000000716900000| Untracked 
|  90|0x0000000716a00000, 0x0000000716a00000, 0x0000000716b00000|  0%| F|  |TAMS 0x0000000716a00000, 0x0000000716a00000| Untracked 
|  91|0x0000000716b00000, 0x0000000716b00000, 0x0000000716c00000|  0%| F|  |TAMS 0x0000000716b00000, 0x0000000716b00000| Untracked 
|  92|0x0000000716c00000, 0x0000000716c00000, 0x0000000716d00000|  0%| F|  |TAMS 0x0000000716c00000, 0x0000000716c00000| Untracked 
|  93|0x0000000716d00000, 0x0000000716d00000, 0x0000000716e00000|  0%| F|  |TAMS 0x0000000716d00000, 0x0000000716d00000| Untracked 
|  94|0x0000000716e00000, 0x0000000716e00000, 0x0000000716f00000|  0%| F|  |TAMS 0x0000000716e00000, 0x0000000716e00000| Untracked 
|  95|0x0000000716f00000, 0x0000000716f00000, 0x0000000717000000|  0%| F|  |TAMS 0x0000000716f00000, 0x0000000716f00000| Untracked 
|  96|0x0000000717000000, 0x0000000717000000, 0x0000000717100000|  0%| F|  |TAMS 0x0000000717000000, 0x0000000717000000| Untracked 
|  97|0x0000000717100000, 0x0000000717100000, 0x0000000717200000|  0%| F|  |TAMS 0x0000000717100000, 0x0000000717100000| Untracked 
|  98|0x0000000717200000, 0x0000000717200000, 0x0000000717300000|  0%| F|  |TAMS 0x0000000717200000, 0x0000000717200000| Untracked 
|  99|0x0000000717300000, 0x0000000717300000, 0x0000000717400000|  0%| F|  |TAMS 0x0000000717300000, 0x0000000717300000| Untracked 
| 100|0x0000000717400000, 0x0000000717400000, 0x0000000717500000|  0%| F|  |TAMS 0x0000000717400000, 0x0000000717400000| Untracked 
| 101|0x0000000717500000, 0x0000000717500000, 0x0000000717600000|  0%| F|  |TAMS 0x0000000717500000, 0x0000000717500000| Untracked 
| 102|0x0000000717600000, 0x0000000717600000, 0x0000000717700000|  0%| F|  |TAMS 0x0000000717600000, 0x0000000717600000| Untracked 
| 103|0x0000000717700000, 0x0000000717700000, 0x0000000717800000|  0%| F|  |TAMS 0x0000000717700000, 0x0000000717700000| Untracked 
| 104|0x0000000717800000, 0x0000000717800000, 0x0000000717900000|  0%| F|  |TAMS 0x0000000717800000, 0x0000000717800000| Untracked 
| 105|0x0000000717900000, 0x0000000717900000, 0x0000000717a00000|  0%| F|  |TAMS 0x0000000717900000, 0x0000000717900000| Untracked 
| 106|0x0000000717a00000, 0x0000000717a00000, 0x0000000717b00000|  0%| F|  |TAMS 0x0000000717a00000, 0x0000000717a00000| Untracked 
| 107|0x0000000717b00000, 0x0000000717b00000, 0x0000000717c00000|  0%| F|  |TAMS 0x0000000717b00000, 0x0000000717b00000| Untracked 
| 108|0x0000000717c00000, 0x0000000717c00000, 0x0000000717d00000|  0%| F|  |TAMS 0x0000000717c00000, 0x0000000717c00000| Untracked 
| 109|0x0000000717d00000, 0x0000000717d00000, 0x0000000717e00000|  0%| F|  |TAMS 0x0000000717d00000, 0x0000000717d00000| Untracked 
| 110|0x0000000717e00000, 0x0000000717e00000, 0x0000000717f00000|  0%| F|  |TAMS 0x0000000717e00000, 0x0000000717e00000| Untracked 
| 111|0x0000000717f00000, 0x0000000717f00000, 0x0000000718000000|  0%| F|  |TAMS 0x0000000717f00000, 0x0000000717f00000| Untracked 
| 112|0x0000000718000000, 0x0000000718000000, 0x0000000718100000|  0%| F|  |TAMS 0x0000000718000000, 0x0000000718000000| Untracked 
| 113|0x0000000718100000, 0x0000000718100000, 0x0000000718200000|  0%| F|  |TAMS 0x0000000718100000, 0x0000000718100000| Untracked 
| 114|0x0000000718200000, 0x0000000718200000, 0x0000000718300000|  0%| F|  |TAMS 0x0000000718200000, 0x0000000718200000| Untracked 
| 115|0x0000000718300000, 0x0000000718300000, 0x0000000718400000|  0%| F|  |TAMS 0x0000000718300000, 0x0000000718300000| Untracked 
| 116|0x0000000718400000, 0x0000000718400000, 0x0000000718500000|  0%| F|  |TAMS 0x0000000718400000, 0x0000000718400000| Untracked 
| 117|0x0000000718500000, 0x0000000718500000, 0x0000000718600000|  0%| F|  |TAMS 0x0000000718500000, 0x0000000718500000| Untracked 
| 118|0x0000000718600000, 0x0000000718600000, 0x0000000718700000|  0%| F|  |TAMS 0x0000000718600000, 0x0000000718600000| Untracked 
| 119|0x0000000718700000, 0x0000000718700000, 0x0000000718800000|  0%| F|  |TAMS 0x0000000718700000, 0x0000000718700000| Untracked 
| 120|0x0000000718800000, 0x0000000718800000, 0x0000000718900000|  0%| F|  |TAMS 0x0000000718800000, 0x0000000718800000| Untracked 
| 121|0x0000000718900000, 0x0000000718900000, 0x0000000718a00000|  0%| F|  |TAMS 0x0000000718900000, 0x0000000718900000| Untracked 
| 122|0x0000000718a00000, 0x0000000718a00000, 0x0000000718b00000|  0%| F|  |TAMS 0x0000000718a00000, 0x0000000718a00000| Untracked 
| 123|0x0000000718b00000, 0x0000000718b00000, 0x0000000718c00000|  0%| F|  |TAMS 0x0000000718b00000, 0x0000000718b00000| Untracked 
| 124|0x0000000718c00000, 0x0000000718c00000, 0x0000000718d00000|  0%| F|  |TAMS 0x0000000718c00000, 0x0000000718c00000| Untracked 
| 125|0x0000000718d00000, 0x0000000718d00000, 0x0000000718e00000|  0%| F|  |TAMS 0x0000000718d00000, 0x0000000718d00000| Untracked 
| 126|0x0000000718e00000, 0x0000000718e00000, 0x0000000718f00000|  0%| F|  |TAMS 0x0000000718e00000, 0x0000000718e00000| Untracked 
| 127|0x0000000718f00000, 0x0000000718f00000, 0x0000000719000000|  0%| F|  |TAMS 0x0000000718f00000, 0x0000000718f00000| Untracked 
| 128|0x0000000719000000, 0x0000000719000000, 0x0000000719100000|  0%| F|  |TAMS 0x0000000719000000, 0x0000000719000000| Untracked 
| 129|0x0000000719100000, 0x0000000719100000, 0x0000000719200000|  0%| F|  |TAMS 0x0000000719100000, 0x0000000719100000| Untracked 
| 130|0x0000000719200000, 0x0000000719200000, 0x0000000719300000|  0%| F|  |TAMS 0x0000000719200000, 0x0000000719200000| Untracked 
| 131|0x0000000719300000, 0x0000000719300000, 0x0000000719400000|  0%| F|  |TAMS 0x0000000719300000, 0x0000000719300000| Untracked 
| 132|0x0000000719400000, 0x0000000719400000, 0x0000000719500000|  0%| F|  |TAMS 0x0000000719400000, 0x0000000719400000| Untracked 
| 133|0x0000000719500000, 0x0000000719500000, 0x0000000719600000|  0%| F|  |TAMS 0x0000000719500000, 0x0000000719500000| Untracked 
| 134|0x0000000719600000, 0x0000000719600000, 0x0000000719700000|  0%| F|  |TAMS 0x0000000719600000, 0x0000000719600000| Untracked 
| 135|0x0000000719700000, 0x0000000719700000, 0x0000000719800000|  0%| F|  |TAMS 0x0000000719700000, 0x0000000719700000| Untracked 
| 136|0x0000000719800000, 0x0000000719800000, 0x0000000719900000|  0%| F|  |TAMS 0x0000000719800000, 0x0000000719800000| Untracked 
| 137|0x0000000719900000, 0x0000000719900000, 0x0000000719a00000|  0%| F|  |TAMS 0x0000000719900000, 0x0000000719900000| Untracked 
| 138|0x0000000719a00000, 0x0000000719a00000, 0x0000000719b00000|  0%| F|  |TAMS 0x0000000719a00000, 0x0000000719a00000| Untracked 
| 139|0x0000000719b00000, 0x0000000719b00000, 0x0000000719c00000|  0%| F|  |TAMS 0x0000000719b00000, 0x0000000719b00000| Untracked 
| 140|0x0000000719c00000, 0x0000000719c00000, 0x0000000719d00000|  0%| F|  |TAMS 0x0000000719c00000, 0x0000000719c00000| Untracked 
| 141|0x0000000719d00000, 0x0000000719d00000, 0x0000000719e00000|  0%| F|  |TAMS 0x0000000719d00000, 0x0000000719d00000| Untracked 
| 142|0x0000000719e00000, 0x0000000719e00000, 0x0000000719f00000|  0%| F|  |TAMS 0x0000000719e00000, 0x0000000719e00000| Untracked 
| 143|0x0000000719f00000, 0x0000000719f00000, 0x000000071a000000|  0%| F|  |TAMS 0x0000000719f00000, 0x0000000719f00000| Untracked 
| 144|0x000000071a000000, 0x000000071a000000, 0x000000071a100000|  0%| F|  |TAMS 0x000000071a000000, 0x000000071a000000| Untracked 
| 145|0x000000071a100000, 0x000000071a100000, 0x000000071a200000|  0%| F|  |TAMS 0x000000071a100000, 0x000000071a100000| Untracked 
| 146|0x000000071a200000, 0x000000071a200000, 0x000000071a300000|  0%| F|  |TAMS 0x000000071a200000, 0x000000071a200000| Untracked 
| 147|0x000000071a300000, 0x000000071a300000, 0x000000071a400000|  0%| F|  |TAMS 0x000000071a300000, 0x000000071a300000| Untracked 
| 148|0x000000071a400000, 0x000000071a400000, 0x000000071a500000|  0%| F|  |TAMS 0x000000071a400000, 0x000000071a400000| Untracked 
| 149|0x000000071a500000, 0x000000071a500000, 0x000000071a600000|  0%| F|  |TAMS 0x000000071a500000, 0x000000071a500000| Untracked 
| 150|0x000000071a600000, 0x000000071a600000, 0x000000071a700000|  0%| F|  |TAMS 0x000000071a600000, 0x000000071a600000| Untracked 
| 151|0x000000071a700000, 0x000000071a700000, 0x000000071a800000|  0%| F|  |TAMS 0x000000071a700000, 0x000000071a700000| Untracked 
| 152|0x000000071a800000, 0x000000071a800000, 0x000000071a900000|  0%| F|  |TAMS 0x000000071a800000, 0x000000071a800000| Untracked 
| 153|0x000000071a900000, 0x000000071a900000, 0x000000071aa00000|  0%| F|  |TAMS 0x000000071a900000, 0x000000071a900000| Untracked 
| 154|0x000000071aa00000, 0x000000071aa00000, 0x000000071ab00000|  0%| F|  |TAMS 0x000000071aa00000, 0x000000071aa00000| Untracked 
| 155|0x000000071ab00000, 0x000000071ab00000, 0x000000071ac00000|  0%| F|  |TAMS 0x000000071ab00000, 0x000000071ab00000| Untracked 
| 156|0x000000071ac00000, 0x000000071ac00000, 0x000000071ad00000|  0%| F|  |TAMS 0x000000071ac00000, 0x000000071ac00000| Untracked 
| 157|0x000000071ad00000, 0x000000071ad00000, 0x000000071ae00000|  0%| F|  |TAMS 0x000000071ad00000, 0x000000071ad00000| Untracked 
| 158|0x000000071ae00000, 0x000000071ae00000, 0x000000071af00000|  0%| F|  |TAMS 0x000000071ae00000, 0x000000071ae00000| Untracked 
| 159|0x000000071af00000, 0x000000071af00000, 0x000000071b000000|  0%| F|  |TAMS 0x000000071af00000, 0x000000071af00000| Untracked 
| 160|0x000000071b000000, 0x000000071b000000, 0x000000071b100000|  0%| F|  |TAMS 0x000000071b000000, 0x000000071b000000| Untracked 
| 161|0x000000071b100000, 0x000000071b100000, 0x000000071b200000|  0%| F|  |TAMS 0x000000071b100000, 0x000000071b100000| Untracked 
| 162|0x000000071b200000, 0x000000071b200000, 0x000000071b300000|  0%| F|  |TAMS 0x000000071b200000, 0x000000071b200000| Untracked 
| 163|0x000000071b300000, 0x000000071b300000, 0x000000071b400000|  0%| F|  |TAMS 0x000000071b300000, 0x000000071b300000| Untracked 
| 164|0x000000071b400000, 0x000000071b400000, 0x000000071b500000|  0%| F|  |TAMS 0x000000071b400000, 0x000000071b400000| Untracked 
| 165|0x000000071b500000, 0x000000071b500000, 0x000000071b600000|  0%| F|  |TAMS 0x000000071b500000, 0x000000071b500000| Untracked 
| 166|0x000000071b600000, 0x000000071b600000, 0x000000071b700000|  0%| F|  |TAMS 0x000000071b600000, 0x000000071b600000| Untracked 
| 167|0x000000071b700000, 0x000000071b700000, 0x000000071b800000|  0%| F|  |TAMS 0x000000071b700000, 0x000000071b700000| Untracked 
| 168|0x000000071b800000, 0x000000071b800000, 0x000000071b900000|  0%| F|  |TAMS 0x000000071b800000, 0x000000071b800000| Untracked 
| 169|0x000000071b900000, 0x000000071b900000, 0x000000071ba00000|  0%| F|  |TAMS 0x000000071b900000, 0x000000071b900000| Untracked 
| 170|0x000000071ba00000, 0x000000071ba00000, 0x000000071bb00000|  0%| F|  |TAMS 0x000000071ba00000, 0x000000071ba00000| Untracked 
| 171|0x000000071bb00000, 0x000000071bb00000, 0x000000071bc00000|  0%| F|  |TAMS 0x000000071bb00000, 0x000000071bb00000| Untracked 
| 172|0x000000071bc00000, 0x000000071bc00000, 0x000000071bd00000|  0%| F|  |TAMS 0x000000071bc00000, 0x000000071bc00000| Untracked 
| 173|0x000000071bd00000, 0x000000071bd00000, 0x000000071be00000|  0%| F|  |TAMS 0x000000071bd00000, 0x000000071bd00000| Untracked 
| 174|0x000000071be00000, 0x000000071be00000, 0x000000071bf00000|  0%| F|  |TAMS 0x000000071be00000, 0x000000071be00000| Untracked 
| 175|0x000000071bf00000, 0x000000071bf00000, 0x000000071c000000|  0%| F|  |TAMS 0x000000071bf00000, 0x000000071bf00000| Untracked 
| 176|0x000000071c000000, 0x000000071c000000, 0x000000071c100000|  0%| F|  |TAMS 0x000000071c000000, 0x000000071c000000| Untracked 
| 177|0x000000071c100000, 0x000000071c100000, 0x000000071c200000|  0%| F|  |TAMS 0x000000071c100000, 0x000000071c100000| Untracked 
| 178|0x000000071c200000, 0x000000071c200000, 0x000000071c300000|  0%| F|  |TAMS 0x000000071c200000, 0x000000071c200000| Untracked 
| 179|0x000000071c300000, 0x000000071c300000, 0x000000071c400000|  0%| F|  |TAMS 0x000000071c300000, 0x000000071c300000| Untracked 
| 180|0x000000071c400000, 0x000000071c400000, 0x000000071c500000|  0%| F|  |TAMS 0x000000071c400000, 0x000000071c400000| Untracked 
| 181|0x000000071c500000, 0x000000071c500000, 0x000000071c600000|  0%| F|  |TAMS 0x000000071c500000, 0x000000071c500000| Untracked 
| 182|0x000000071c600000, 0x000000071c600000, 0x000000071c700000|  0%| F|  |TAMS 0x000000071c600000, 0x000000071c600000| Untracked 
| 183|0x000000071c700000, 0x000000071c700000, 0x000000071c800000|  0%| F|  |TAMS 0x000000071c700000, 0x000000071c700000| Untracked 
| 184|0x000000071c800000, 0x000000071c800000, 0x000000071c900000|  0%| F|  |TAMS 0x000000071c800000, 0x000000071c800000| Untracked 
| 185|0x000000071c900000, 0x000000071c900000, 0x000000071ca00000|  0%| F|  |TAMS 0x000000071c900000, 0x000000071c900000| Untracked 
| 186|0x000000071ca00000, 0x000000071ca00000, 0x000000071cb00000|  0%| F|  |TAMS 0x000000071ca00000, 0x000000071ca00000| Untracked 
| 187|0x000000071cb00000, 0x000000071cb00000, 0x000000071cc00000|  0%| F|  |TAMS 0x000000071cb00000, 0x000000071cb00000| Untracked 
| 188|0x000000071cc00000, 0x000000071cc00000, 0x000000071cd00000|  0%| F|  |TAMS 0x000000071cc00000, 0x000000071cc00000| Untracked 
| 189|0x000000071cd00000, 0x000000071cd00000, 0x000000071ce00000|  0%| F|  |TAMS 0x000000071cd00000, 0x000000071cd00000| Untracked 
| 190|0x000000071ce00000, 0x000000071ce00000, 0x000000071cf00000|  0%| F|  |TAMS 0x000000071ce00000, 0x000000071ce00000| Untracked 
| 191|0x000000071cf00000, 0x000000071cf00000, 0x000000071d000000|  0%| F|  |TAMS 0x000000071cf00000, 0x000000071cf00000| Untracked 
| 192|0x000000071d000000, 0x000000071d000000, 0x000000071d100000|  0%| F|  |TAMS 0x000000071d000000, 0x000000071d000000| Untracked 
| 193|0x000000071d100000, 0x000000071d100000, 0x000000071d200000|  0%| F|  |TAMS 0x000000071d100000, 0x000000071d100000| Untracked 
| 194|0x000000071d200000, 0x000000071d200000, 0x000000071d300000|  0%| F|  |TAMS 0x000000071d200000, 0x000000071d200000| Untracked 
| 195|0x000000071d300000, 0x000000071d300000, 0x000000071d400000|  0%| F|  |TAMS 0x000000071d300000, 0x000000071d300000| Untracked 
| 196|0x000000071d400000, 0x000000071d400000, 0x000000071d500000|  0%| F|  |TAMS 0x000000071d400000, 0x000000071d400000| Untracked 
| 197|0x000000071d500000, 0x000000071d500000, 0x000000071d600000|  0%| F|  |TAMS 0x000000071d500000, 0x000000071d500000| Untracked 
| 198|0x000000071d600000, 0x000000071d600000, 0x000000071d700000|  0%| F|  |TAMS 0x000000071d600000, 0x000000071d600000| Untracked 
| 199|0x000000071d700000, 0x000000071d700000, 0x000000071d800000|  0%| F|  |TAMS 0x000000071d700000, 0x000000071d700000| Untracked 
| 200|0x000000071d800000, 0x000000071d800000, 0x000000071d900000|  0%| F|  |TAMS 0x000000071d800000, 0x000000071d800000| Untracked 
| 201|0x000000071d900000, 0x000000071d900000, 0x000000071da00000|  0%| F|  |TAMS 0x000000071d900000, 0x000000071d900000| Untracked 
| 202|0x000000071da00000, 0x000000071da00000, 0x000000071db00000|  0%| F|  |TAMS 0x000000071da00000, 0x000000071da00000| Untracked 
| 203|0x000000071db00000, 0x000000071db00000, 0x000000071dc00000|  0%| F|  |TAMS 0x000000071db00000, 0x000000071db00000| Untracked 
| 204|0x000000071dc00000, 0x000000071dc00000, 0x000000071dd00000|  0%| F|  |TAMS 0x000000071dc00000, 0x000000071dc00000| Untracked 
| 205|0x000000071dd00000, 0x000000071dd00000, 0x000000071de00000|  0%| F|  |TAMS 0x000000071dd00000, 0x000000071dd00000| Untracked 
| 206|0x000000071de00000, 0x000000071de00000, 0x000000071df00000|  0%| F|  |TAMS 0x000000071de00000, 0x000000071de00000| Untracked 
| 207|0x000000071df00000, 0x000000071df00000, 0x000000071e000000|  0%| F|  |TAMS 0x000000071df00000, 0x000000071df00000| Untracked 
| 208|0x000000071e000000, 0x000000071e000000, 0x000000071e100000|  0%| F|  |TAMS 0x000000071e000000, 0x000000071e000000| Untracked 
| 209|0x000000071e100000, 0x000000071e100000, 0x000000071e200000|  0%| F|  |TAMS 0x000000071e100000, 0x000000071e100000| Untracked 
| 210|0x000000071e200000, 0x000000071e200000, 0x000000071e300000|  0%| F|  |TAMS 0x000000071e200000, 0x000000071e200000| Untracked 
| 211|0x000000071e300000, 0x000000071e300000, 0x000000071e400000|  0%| F|  |TAMS 0x000000071e300000, 0x000000071e300000| Untracked 
| 212|0x000000071e400000, 0x000000071e400000, 0x000000071e500000|  0%| F|  |TAMS 0x000000071e400000, 0x000000071e400000| Untracked 
| 213|0x000000071e500000, 0x000000071e500000, 0x000000071e600000|  0%| F|  |TAMS 0x000000071e500000, 0x000000071e500000| Untracked 
| 214|0x000000071e600000, 0x000000071e600000, 0x000000071e700000|  0%| F|  |TAMS 0x000000071e600000, 0x000000071e600000| Untracked 
| 215|0x000000071e700000, 0x000000071e700000, 0x000000071e800000|  0%| F|  |TAMS 0x000000071e700000, 0x000000071e700000| Untracked 
| 216|0x000000071e800000, 0x000000071e800000, 0x000000071e900000|  0%| F|  |TAMS 0x000000071e800000, 0x000000071e800000| Untracked 
| 217|0x000000071e900000, 0x000000071e900000, 0x000000071ea00000|  0%| F|  |TAMS 0x000000071e900000, 0x000000071e900000| Untracked 
| 218|0x000000071ea00000, 0x000000071ea00000, 0x000000071eb00000|  0%| F|  |TAMS 0x000000071ea00000, 0x000000071ea00000| Untracked 
| 219|0x000000071eb00000, 0x000000071eb00000, 0x000000071ec00000|  0%| F|  |TAMS 0x000000071eb00000, 0x000000071eb00000| Untracked 
| 220|0x000000071ec00000, 0x000000071ec00000, 0x000000071ed00000|  0%| F|  |TAMS 0x000000071ec00000, 0x000000071ec00000| Untracked 
| 221|0x000000071ed00000, 0x000000071ed00000, 0x000000071ee00000|  0%| F|  |TAMS 0x000000071ed00000, 0x000000071ed00000| Untracked 
| 222|0x000000071ee00000, 0x000000071ee00000, 0x000000071ef00000|  0%| F|  |TAMS 0x000000071ee00000, 0x000000071ee00000| Untracked 
| 223|0x000000071ef00000, 0x000000071ef00000, 0x000000071f000000|  0%| F|  |TAMS 0x000000071ef00000, 0x000000071ef00000| Untracked 
| 224|0x000000071f000000, 0x000000071f000000, 0x000000071f100000|  0%| F|  |TAMS 0x000000071f000000, 0x000000071f000000| Untracked 
| 225|0x000000071f100000, 0x000000071f100000, 0x000000071f200000|  0%| F|  |TAMS 0x000000071f100000, 0x000000071f100000| Untracked 
| 226|0x000000071f200000, 0x000000071f200000, 0x000000071f300000|  0%| F|  |TAMS 0x000000071f200000, 0x000000071f200000| Untracked 
| 227|0x000000071f300000, 0x000000071f300000, 0x000000071f400000|  0%| F|  |TAMS 0x000000071f300000, 0x000000071f300000| Untracked 
| 228|0x000000071f400000, 0x000000071f400000, 0x000000071f500000|  0%| F|  |TAMS 0x000000071f400000, 0x000000071f400000| Untracked 
| 229|0x000000071f500000, 0x000000071f500000, 0x000000071f600000|  0%| F|  |TAMS 0x000000071f500000, 0x000000071f500000| Untracked 
| 230|0x000000071f600000, 0x000000071f600000, 0x000000071f700000|  0%| F|  |TAMS 0x000000071f600000, 0x000000071f600000| Untracked 
| 231|0x000000071f700000, 0x000000071f700000, 0x000000071f800000|  0%| F|  |TAMS 0x000000071f700000, 0x000000071f700000| Untracked 
| 232|0x000000071f800000, 0x000000071f87b630, 0x000000071f900000| 48%| E|  |TAMS 0x000000071f800000, 0x000000071f800000| Complete 
| 233|0x000000071f900000, 0x000000071fa00000, 0x000000071fa00000|100%| E|CS|TAMS 0x000000071f900000, 0x000000071f900000| Complete 
| 234|0x000000071fa00000, 0x000000071fb00000, 0x000000071fb00000|100%| E|CS|TAMS 0x000000071fa00000, 0x000000071fa00000| Complete 
| 235|0x000000071fb00000, 0x000000071fc00000, 0x000000071fc00000|100%| E|CS|TAMS 0x000000071fb00000, 0x000000071fb00000| Complete 
| 236|0x000000071fc00000, 0x000000071fd00000, 0x000000071fd00000|100%| E|CS|TAMS 0x000000071fc00000, 0x000000071fc00000| Complete 
| 237|0x000000071fd00000, 0x000000071fe00000, 0x000000071fe00000|100%| E|CS|TAMS 0x000000071fd00000, 0x000000071fd00000| Complete 
| 238|0x000000071fe00000, 0x000000071ff00000, 0x000000071ff00000|100%| E|CS|TAMS 0x000000071fe00000, 0x000000071fe00000| Complete 
| 239|0x000000071ff00000, 0x0000000720000000, 0x0000000720000000|100%| E|CS|TAMS 0x000000071ff00000, 0x000000071ff00000| Complete 

Card table byte_map: [0x000002a300890000,0x000002a301010000] _byte_map_base: 0x000002a2fd008000

Marking Bits (Prev, Next): (CMBitMap*) 0x000002a368a4e668, (CMBitMap*) 0x000002a368a4e6a8
 Prev Bits: [0x000002a301790000, 0x000002a305350000)
 Next Bits: [0x000002a305350000, 0x000002a308f10000)

Polling page: 0x000002a3680e0000

Metaspace:

Usage:
  Non-class:      4.60 MB capacity,     3.47 MB ( 76%) used,     1.12 MB ( 24%) free+waste,     6.00 KB ( <1%) overhead. 
      Class:    532.00 KB capacity,   417.30 KB ( 78%) used,   111.45 KB ( 21%) free+waste,     3.25 KB ( <1%) overhead. 
       Both:      5.12 MB capacity,     3.88 MB ( 76%) used,     1.23 MB ( 24%) free+waste,     9.25 KB ( <1%) overhead. 

Virtual space:
  Non-class space:        8.00 MB reserved,       4.75 MB ( 59%) committed 
      Class space:        1.00 GB reserved,     640.00 KB ( <1%) committed 
             Both:        1.01 GB reserved,       5.38 MB ( <1%) committed 

Chunk freelists:
   Non-Class:  3.63 KB
       Class:  1.50 KB
        Both:  5.13 KB

CodeHeap 'non-profiled nmethods': size=120000Kb used=193Kb max_used=193Kb free=119806Kb
 bounds [0x000002a378860000, 0x000002a378ad0000, 0x000002a37fd90000]
CodeHeap 'profiled nmethods': size=120000Kb used=1107Kb max_used=1107Kb free=118893Kb
 bounds [0x000002a371330000, 0x000002a3715a0000, 0x000002a378860000]
CodeHeap 'non-nmethods': size=5760Kb used=1172Kb max_used=1184Kb free=4587Kb
 bounds [0x000002a370d90000, 0x000002a371000000, 0x000002a371330000]
 total_blobs=1128 nmethods=613 adapters=296
 compilation: enabled
              stopped_count=0, restarted_count=0
 full_count=0

Compilation events (10 events):
Event: 1.333 Thread 0x000002a30c354000  609       3       java.lang.Integer::getChars (131 bytes)
Event: 1.334 Thread 0x000002a30c354000 nmethod 609 0x000002a371441c90 code [0x000002a371441e80, 0x000002a371442318]
Event: 1.334 Thread 0x000002a30c354000  610       3       java.util.regex.Pattern$BmpCharProperty::match (55 bytes)
Event: 1.334 Thread 0x000002a30c354000 nmethod 610 0x000002a371442590 code [0x000002a371442780, 0x000002a371442cb0]
Event: 1.336 Thread 0x000002a30c345000  611 %     4       java.lang.StringUTF16::compress @ 3 (50 bytes)
Event: 1.337 Thread 0x000002a30c354000  612   !   3       java.util.zip.InflaterInputStream::read (138 bytes)
Event: 1.339 Thread 0x000002a30c354000 nmethod 612 0x000002a371442e10 code [0x000002a371443100, 0x000002a371444060]
Event: 1.339 Thread 0x000002a30c354000  613       3       java.util.zip.InflaterInputStream::ensureOpen (18 bytes)
Event: 1.339 Thread 0x000002a30c354000 nmethod 613 0x000002a371444690 code [0x000002a371444860, 0x000002a371444b10]
Event: 1.343 Thread 0x000002a30c345000 nmethod 611% 0x000002a37888ff90 code [0x000002a378890140, 0x000002a378890538]

GC Heap History (0 events):
No events

Deoptimization events (3 events):
Event: 0.710 Thread 0x000002a3689eb000 Uncommon trap: reason=class_check action=maybe_recompile pc=0x000002a37886df5c method=java.util.HashMap.putVal(ILjava/lang/Object;Ljava/lang/Object;ZZ)Ljava/lang/Object; @ 152 c2
Event: 0.740 Thread 0x000002a3689eb000 Uncommon trap: reason=unstable_if action=reinterpret pc=0x000002a37886e084 method=java.util.HashMap.putVal(ILjava/lang/Object;Ljava/lang/Object;ZZ)Ljava/lang/Object; @ 181 c2
Event: 0.944 Thread 0x000002a3689eb000 Uncommon trap: reason=unstable_if action=reinterpret pc=0x000002a37886edac method=java.lang.String.isLatin1()Z @ 10 c2

Classes redefined (3 events):
Event: 238.530 Thread 0x000002a30c327000 redefined class name=io.ws.test.ZipRangeTest, count=1
Event: 253.753 Thread 0x000002a30c327000 redefined class name=io.ws.test.ZipRangeTest, count=2
Event: 390.094 Thread 0x000002a30c327000 redefined class name=io.ws.test.ZipRangeTest, count=3

Internal exceptions (4 events):
Event: 1.178 Thread 0x000002a3689eb000 Exception <a 'java/lang/IncompatibleClassChangeError'{0x000000071fab0b60}: Found class java.lang.Object, but interface was expected> (0x000000071fab0b60) thrown at [t:/workspace/open/src/hotspot/share/interpreter/linkResolver.cpp, line 843]
Event: 1.232 Thread 0x000002a3689eb000 Exception <a 'java/lang/NoSuchMethodError'{0x000000071f94ef78}: java.lang.invoke.DirectMethodHandle$Holder.invokeSpecialIFC(Ljava/lang/Object;Ljava/lang/Object;I)I> (0x000000071f94ef78) thrown at [t:/workspace/open/src/hotspot/share/interpreter/linkResolv
Event: 1.320 Thread 0x000002a3689eb000 Exception <a 'java/lang/reflect/InvocationTargetException'{0x000000071f9eb7a0}> (0x000000071f9eb7a0) thrown at [t:/workspace/open/src/hotspot/share/runtime/reflection.cpp, line 1183]
Event: 1.334 Thread 0x000002a3689eb000 Exception <a 'java/lang/reflect/InvocationTargetException'{0x000000071f807e78}> (0x000000071f807e78) thrown at [t:/workspace/open/src/hotspot/share/runtime/reflection.cpp, line 1183]

Events (10 events):
Event: 390.118 Executing VM operation: GetStackTrace done
Event: 390.347 Executing VM operation: GetFrameCount
Event: 390.348 Executing VM operation: GetFrameCount done
Event: 390.348 Executing VM operation: GetOwnedMonitorInfo
Event: 390.349 Executing VM operation: GetOwnedMonitorInfo done
Event: 390.349 Executing VM operation: GetCurrentContendedMonitor
Event: 390.349 Executing VM operation: GetCurrentContendedMonitor done
Event: 657.672 Executing VM operation: GetFrameLocation
Event: 657.672 Executing VM operation: GetFrameLocation done
Event: 657.673 Executing VM operation: GetOrSetLocal


Dynamic libraries:
0x00007ff771630000 - 0x00007ff77163f000 	C:\Program Files\Java\jdk-12.0.1\bin\javaw.exe
0x00007ffd09340000 - 0x00007ffd09520000 	C:\WINDOWS\SYSTEM32\ntdll.dll
0x00007ffd09200000 - 0x00007ffd092ae000 	C:\WINDOWS\System32\KERNEL32.DLL
0x00007ffd059f0000 - 0x00007ffd05c56000 	C:\WINDOWS\System32\KERNELBASE.dll
0x00007ffd05740000 - 0x00007ffd05834000 	C:\WINDOWS\System32\ucrtbase.dll
0x00007ffceb9b0000 - 0x00007ffceb9c6000 	C:\Program Files\Java\jdk-12.0.1\bin\VCRUNTIME140.dll
0x00007ffcf2a10000 - 0x00007ffcf2a28000 	C:\Program Files\Java\jdk-12.0.1\bin\jli.dll
0x00007ffd08e50000 - 0x00007ffd08ef1000 	C:\WINDOWS\System32\ADVAPI32.dll
0x00007ffd08cd0000 - 0x00007ffd08d6d000 	C:\WINDOWS\System32\msvcrt.dll
0x00007ffd092b0000 - 0x00007ffd0930b000 	C:\WINDOWS\System32\sechost.dll
0x00007ffd09000000 - 0x00007ffd0911f000 	C:\WINDOWS\System32\RPCRT4.dll
0x00007ffd07180000 - 0x00007ffd0730f000 	C:\WINDOWS\System32\USER32.dll
0x00007ffcf2f10000 - 0x00007ffcf3179000 	C:\WINDOWS\WinSxS\amd64_microsoft.windows.common-controls_6595b64144ccf1df_6.0.16299.1387_none_0f90744a5a658aaa\COMCTL32.dll
0x00007ffd067a0000 - 0x00007ffd067c0000 	C:\WINDOWS\System32\win32u.dll
0x00007ffd06e20000 - 0x00007ffd07126000 	C:\WINDOWS\System32\combase.dll
0x00007ffd07150000 - 0x00007ffd07178000 	C:\WINDOWS\System32\GDI32.dll
0x00007ffd05c60000 - 0x00007ffd05cd8000 	C:\WINDOWS\System32\bcryptPrimitives.dll
0x00007ffd06600000 - 0x00007ffd06793000 	C:\WINDOWS\System32\gdi32full.dll
0x00007ffd05950000 - 0x00007ffd059eb000 	C:\WINDOWS\System32\msvcp_win.dll
0x00007ffcf81b0000 - 0x00007ffcf81ba000 	C:\WINDOWS\SYSTEM32\VERSION.dll
0x00007ffd06c70000 - 0x00007ffd06c9d000 	C:\WINDOWS\System32\IMM32.DLL
0x0000000068000000 - 0x0000000068066000 	C:\WINDOWS\System32\QIPCAP64.dll
0x00007ffd07780000 - 0x00007ffd08bba000 	C:\WINDOWS\System32\SHELL32.dll
0x00007ffd067c0000 - 0x00007ffd0680a000 	C:\WINDOWS\System32\cfgmgr32.dll
0x00007ffd06d70000 - 0x00007ffd06e16000 	C:\WINDOWS\System32\shcore.dll
0x00007ffd05eb0000 - 0x00007ffd065f7000 	C:\WINDOWS\System32\windows.storage.dll
0x00007ffd08f00000 - 0x00007ffd08f51000 	C:\WINDOWS\System32\shlwapi.dll
0x00007ffd05720000 - 0x00007ffd05731000 	C:\WINDOWS\System32\kernel.appcore.dll
0x00007ffd056b0000 - 0x00007ffd056fc000 	C:\WINDOWS\System32\powrprof.dll
0x00007ffd05700000 - 0x00007ffd0571b000 	C:\WINDOWS\System32\profapi.dll
0x00007ffd04c50000 - 0x00007ffd04d07000 	C:\WINDOWS\SYSTEM32\DNSAPI.dll
0x00007ffd08dd0000 - 0x00007ffd08e3c000 	C:\WINDOWS\System32\WS2_32.dll
0x00007ffd07310000 - 0x00007ffd07318000 	C:\WINDOWS\System32\NSI.dll
0x00007ffd04c10000 - 0x00007ffd04c49000 	C:\WINDOWS\SYSTEM32\IPHLPAPI.DLL
0x00007ffce8340000 - 0x00007ffce83ef000 	C:\Program Files\McAfee\Endpoint Security\Threat Prevention\Ips\EpMPApi.dll
0x00007ffd05840000 - 0x00007ffd05899000 	C:\WINDOWS\System32\WINTRUST.dll
0x00007ffd05690000 - 0x00007ffd056a2000 	C:\WINDOWS\System32\MSASN1.dll
0x00007ffd05ce0000 - 0x00007ffd05eae000 	C:\WINDOWS\System32\CRYPT32.dll
0x000000005b5c0000 - 0x000000005b5cc000 	C:\Program Files\McAfee\Endpoint Security\Threat Prevention\Ips\EpMPThe.dll
0x00007ffce9380000 - 0x00007ffce942a000 	C:\Program Files\Java\jdk-12.0.1\bin\msvcp140.dll
0x00007ffcb0100000 - 0x00007ffcb0c74000 	C:\Program Files\Java\jdk-12.0.1\bin\server\jvm.dll
0x00007ffd06810000 - 0x00007ffd06818000 	C:\WINDOWS\System32\PSAPI.DLL
0x00007ffcf6720000 - 0x00007ffcf6729000 	C:\WINDOWS\SYSTEM32\WSOCK32.dll
0x00007ffcfb280000 - 0x00007ffcfb2a3000 	C:\WINDOWS\SYSTEM32\WINMM.dll
0x00007ffcfb220000 - 0x00007ffcfb24a000 	C:\WINDOWS\SYSTEM32\winmmbase.dll
0x00007ffcea9f0000 - 0x00007ffceaa01000 	C:\Program Files\Java\jdk-12.0.1\bin\verify.dll
0x00007ffd04220000 - 0x00007ffd043e8000 	C:\WINDOWS\SYSTEM32\DBGHELP.DLL
0x00007ffcfe9f0000 - 0x00007ffcfea19000 	C:\WINDOWS\SYSTEM32\dbgcore.DLL
0x00007ffce98a0000 - 0x00007ffce98c6000 	C:\Program Files\Java\jdk-12.0.1\bin\java.dll
0x00007ffce96d0000 - 0x00007ffce9708000 	C:\Program Files\Java\jdk-12.0.1\bin\jdwp.dll
0x00007ffd004d0000 - 0x00007ffd004de000 	C:\Program Files\Java\jdk-12.0.1\bin\instrument.dll
0x00007ffcea9d0000 - 0x00007ffcea9e7000 	C:\Program Files\Java\jdk-12.0.1\bin\zip.dll
0x00007ffcfdf40000 - 0x00007ffcfdf4a000 	C:\Program Files\Java\jdk-12.0.1\bin\jimage.dll
0x00007ffcfde50000 - 0x00007ffcfde5a000 	C:\Program Files\Java\jdk-12.0.1\bin\dt_socket.dll
0x00007ffd04ec0000 - 0x00007ffd04f26000 	C:\WINDOWS\System32\mswsock.dll
0x00007ffd01350000 - 0x00007ffd013c0000 	C:\WINDOWS\System32\fwpuclnt.dll
0x00007ffd05190000 - 0x00007ffd051b5000 	C:\WINDOWS\SYSTEM32\bcrypt.dll
0x00007ffcfe6d0000 - 0x00007ffcfe6da000 	C:\Windows\System32\rasadhlp.dll
0x00007ffcea910000 - 0x00007ffcea929000 	C:\Program Files\Java\jdk-12.0.1\bin\net.dll
0x00007ffd007c0000 - 0x00007ffd0089e000 	C:\WINDOWS\SYSTEM32\WINHTTP.dll
0x00007ffcf8520000 - 0x00007ffcf86ea000 	C:\WINDOWS\SYSTEM32\urlmon.dll
0x000002a368120000 - 0x000002a36813d000 	C:\WINDOWS\System32\imagehlp.dll
0x00007ffcfc940000 - 0x00007ffcfcbe0000 	C:\WINDOWS\SYSTEM32\iertutil.dll
0x00007ffd050a0000 - 0x00007ffd050ab000 	C:\WINDOWS\SYSTEM32\CRYPTBASE.DLL
0x0000000180000000 - 0x00000001800af000 	C:\Program Files (x86)\PharosSystems\PrintScout\AppProfiler.x64.dll
0x00007ffd07630000 - 0x00007ffd07779000 	C:\WINDOWS\System32\ole32.dll
0x000002a30cac0000 - 0x000002a30cb84000 	C:\WINDOWS\System32\OLEAUT32.dll
0x00007ffcff7a0000 - 0x00007ffcff826000 	C:\WINDOWS\SYSTEM32\WINSPOOL.DRV
0x00007ffd04730000 - 0x00007ffd04761000 	C:\WINDOWS\SYSTEM32\ntmarta.dll
0x00007ffce9880000 - 0x00007ffce9893000 	C:\Program Files\Java\jdk-12.0.1\bin\nio.dll

dbghelp: loaded successfully - version: 4.0.5 - missing functions: none
symbol engine: initialized successfully - sym options: 0x614 - pdb path: .;C:\Program Files\Java\jdk-12.0.1\bin;C:\WINDOWS\SYSTEM32;C:\WINDOWS\WinSxS\amd64_microsoft.windows.common-controls_6595b64144ccf1df_6.0.16299.1387_none_0f90744a5a658aaa;C:\Program Files\McAfee\Endpoint Security\Threat Prevention\Ips;C:\Program Files\Java\jdk-12.0.1\bin\server;C:\Program Files (x86)\PharosSystems\PrintScout

VM Arguments:
jvm_args: -agentlib:jdwp=transport=dt_socket,suspend=y,address=localhost:49430 -ea -javaagent:C:\tools\eclipse\configuration\org.eclipse.osgi\409\0\.cp\lib\javaagent-shaded.jar -Dfile.encoding=Cp1252 
java_command: org.eclipse.jdt.internal.junit.runner.RemoteTestRunner -version 3 -port 49429 -testLoaderClass org.eclipse.jdt.internal.junit4.runner.JUnit4TestLoader -loaderpluginname org.eclipse.jdt.junit4.runtime -classNames io.ws.test.ZipRangeTest
java_class_path (initial): C:\Users\hm3931\workspaces\practice\zipcodes\target\test-classes;C:\Users\hm3931\workspaces\practice\zipcodes\target\classes;C:\Users\hm3931\.m2\repository\junit\junit\4.12\junit-4.12.jar;C:\Users\hm3931\.m2\repository\org\hamcrest\hamcrest-core\1.3\hamcrest-core-1.3.jar;C:\Users\hm3931\.m2\repository\org\hamcrest\hamcrest-all\1.3\hamcrest-all-1.3.jar;C:\tools\eclipse\configuration\org.eclipse.osgi\407\0\.cp;C:\tools\eclipse\configuration\org.eclipse.osgi\406\0\.cp
Launcher Type: SUN_STANDARD

[Global flags]
     intx CICompilerCount                          = 4                                         {product} {ergonomic}
     uint ConcGCThreads                            = 2                                         {product} {ergonomic}
     uint G1ConcRefinementThreads                  = 8                                         {product} {ergonomic}
   size_t G1HeapRegionSize                         = 1048576                                   {product} {ergonomic}
    uintx GCDrainStackTargetSize                   = 64                                        {product} {ergonomic}
   size_t InitialHeapSize                          = 251658240                                 {product} {ergonomic}
   size_t MarkStackSize                            = 4194304                                   {product} {ergonomic}
   size_t MaxHeapSize                              = 4009754624                                {product} {ergonomic}
   size_t MaxNewSize                               = 2405433344                                {product} {ergonomic}
   size_t MinHeapDeltaBytes                        = 1048576                                   {product} {ergonomic}
    uintx NonNMethodCodeHeapSize                   = 5836300                                {pd product} {ergonomic}
    uintx NonProfiledCodeHeapSize                  = 122910970                              {pd product} {ergonomic}
    uintx ProfiledCodeHeapSize                     = 122910970                              {pd product} {ergonomic}
    uintx ReservedCodeCacheSize                    = 251658240                              {pd product} {ergonomic}
     bool SegmentedCodeCache                       = true                                      {product} {ergonomic}
     bool UseCompressedClassPointers               = true                                 {lp64_product} {ergonomic}
     bool UseCompressedOops                        = true                                 {lp64_product} {ergonomic}
     bool UseG1GC                                  = true                                      {product} {ergonomic}
     bool UseLargePagesIndividualAllocation        = false                                  {pd product} {ergonomic}

Logging:
Log output configuration:
 #0: stdout all=warning uptime,level,tags
 #1: stderr all=off uptime,level,tags

Environment Variables:
JAVA_HOME=C:\JAVA\jdk1.8.0_65
PATH=C:/Program Files/Java/jre1.8.0_212/bin/server;C:/Program Files/Java/jre1.8.0_212/bin;C:/Program Files/Java/jre1.8.0_212/lib/amd64;C:\ProgramData\DockerDesktop\version-bin;C:\Program Files\Docker\Docker\Resources\bin;C:\Program Files (x86)\NetSarang\Xftp 6\;C:\Program Files (x86)\NetSarang\Xshell 6\;C:\Program Files\Teradata\Client\16.20\bin;C:\Program Files (x86)\Teradata\Client\16.20\bin;C:\Program Files (x86)\RSA SecurID Token Common;C:\Program Files (x86)\Common Files\Oracle\Java\javapath;C:\WINDOWS\system32;C:\WINDOWS;C:\WINDOWS\System32\Wbem;C:\WINDOWS\System32\WindowsPowerShell\v1.0\;C:\Program Files (x86)\Webex\Webex\Applications;C:\JAVA\jdk1.8.0_65\bin;C:\tools\apache-maven-3.5.4\bin;C:\Program Files\nodejs\;C:\Program Files\1E\NomadBranch\;C:\Program Files (x86)\Enterprise Vault\EVClient\;C:\Program Files\MIT\Kerberos\bin;C:\Users\hm3931\AppData\Local\Microsoft\WindowsApps;C:\Users\hm3931\AppData\Roaming\npm;C:\Users\hm3931\AppData\Local\Programs\Microsoft VS Code\bin;C:\Program Files\JetBrains\IntelliJ IDEA Community Edition 2019.1.3\bin;C:\Users\hm3931\AppData\Local\atom\bin;C:\tools\eclipse;
USERNAME=hm3931
OS=Windows_NT
PROCESSOR_IDENTIFIER=AMD64 Family 23 Model 17 Stepping 0, AuthenticAMD



---------------  S Y S T E M  ---------------

OS: Windows 10 , 64 bit Build 16299 (10.0.16299.1146)

CPU:total 8 (initial active 8) (8 cores per cpu, 2 threads per core) family 23 model 17 stepping 0, cmov, cx8, fxsr, mmx, sse, sse2, sse3, ssse3, sse4.1, sse4.2, popcnt, avx, avx2, aes, clmul, mmxext, 3dnowpref, lzcnt, sse4a, ht, tsc, tscinvbit, tscinv, bmi1, bmi2, adx, sha, fma

Memory: 4k page, system-wide physical 15293M (2868M free)
TotalPageFile size 32389M (AvailPageFile size 5361M)
current process WorkingSet (physical memory assigned to process): 51M, peak: 56M
current process commit charge ("private bytes"): 342M, peak: 347M

vm_info: Java HotSpot(TM) 64-Bit Server VM (12.0.1+12) for windows-amd64 JRE (12.0.1+12), built on Apr  2 2019 14:02:19 by "mach5one" with MS VC++ 15.5 (VS2017)

END.
